#
# There is insufficient memory for the Java Runtime Environment to continue.
# Native memory allocation (malloc) failed to allocate 1905744 bytes. Error detail: Chunk::new
# Possible reasons:
#   The system is out of physical RAM or swap space
#   This process is running with CompressedOops enabled, and the Java Heap may be blocking the growth of the native heap
# Possible solutions:
#   Reduce memory load on the system
#   Increase physical memory or swap space
#   Check if swap backing store is full
#   Decrease Java heap size (-Xmx/-Xms)
#   Decrease number of Java threads
#   Decrease Java thread stack sizes (-Xss)
#   Set larger code cache with -XX:ReservedCodeCacheSize=
#   JVM is running with Unscaled Compressed Oops mode in which the Java heap is
#     placed in the first 4GB address space. The Java Heap base address is the
#     maximum limit for the native heap growth. Please use -XX:HeapBaseMinAddress
#     to set the Java Heap base and to place the Java Heap above 4GB virtual address.
# This output file may be truncated or incomplete.
#
#  Out of Memory Error (arena.cpp:168), pid=15772, tid=7092
#
# JRE version: OpenJDK Runtime Environment Temurin-21.0.10+7 (21.0.10+7) (build 21.0.10+7-LTS)
# Java VM: OpenJDK 64-Bit Server VM Temurin-21.0.10+7 (21.0.10+7-LTS, mixed mode, sharing, tiered, compressed oops, compressed class ptrs, parallel gc, windows-amd64)
# No core dump will be written. Minidumps are not enabled by default on client versions of Windows
#

---------------  S U M M A R Y ------------

Command Line: --add-modules=ALL-SYSTEM --add-opens=java.base/java.util=ALL-UNNAMED --add-opens=java.base/java.lang=ALL-UNNAMED --add-opens=java.base/sun.nio.fs=ALL-UNNAMED -Declipse.application=org.eclipse.jdt.ls.core.id1 -Dosgi.bundles.defaultStartLevel=4 -Declipse.product=org.eclipse.jdt.ls.core.product -Djava.import.generatesMetadataFilesAtProjectRoot=false -DDetectVMInstallationsJob.disabled=true -Dfile.encoding=utf8 -XX:+UseParallelGC -XX:GCTimeRatio=4 -XX:AdaptiveSizePolicyWeight=90 -Dsun.zip.disableMemoryMapping=true -Xmx2G -Xms100m -Xlog:disable -javaagent:c:\Users\utkar\.antigravity-ide\extensions\redhat.java-1.54.0-win32-x64\lombok\lombok-1.18.39-4050.jar -XX:+HeapDumpOnOutOfMemoryError -XX:HeapDumpPath=c:\Users\utkar\AppData\Roaming\Antigravity IDE\User\workspaceStorage\95aff5030d2cbc639c4129cd347a152f\redhat.java -Daether.dependencyCollector.impl=bf c:\Users\utkar\.antigravity-ide\extensions\redhat.java-1.54.0-win32-x64\server\plugins\org.eclipse.equinox.launcher_1.7.100.v20251111-0406.jar -configuration c:\Users\utkar\AppData\Roaming\Antigravity IDE\User\globalStorage\redhat.java\1.54.0\config_win -data c:\Users\utkar\AppData\Roaming\Antigravity IDE\User\workspaceStorage\95aff5030d2cbc639c4129cd347a152f\redhat.java\jdt_ws --pipe=\\.\pipe\lsp-74359b761ecfc9a8108706f124f33b2c-sock

Host: AMD Ryzen 5 5600H with Radeon Graphics         , 12 cores, 15G,  Windows 11 , 64 bit Build 26100 (10.0.26100.8328)
Time: Fri Jun 12 23:05:36 2026 India Standard Time elapsed time: 13.376784 seconds (0d 0h 0m 13s)

---------------  T H R E A D  ---------------

Current thread (0x0000018af9e62850):  JavaThread "C2 CompilerThread2" daemon [_thread_in_native, id=7092, stack(0x000000111a900000,0x000000111aa00000) (1024K)]


Current CompileTask:
C2:13377 6333   !   4       org.eclipse.osgi.internal.loader.classpath.ClasspathManager::defineClass (636 bytes)

Stack: [0x000000111a900000,0x000000111aa00000]
Native frames: (J=compiled Java code, j=interpreted, Vv=VM code, C=native code)
V  [jvm.dll+0x6d7a39]
V  [jvm.dll+0x8b4b26]
V  [jvm.dll+0x8b70de]
V  [jvm.dll+0x8b77c3]
V  [jvm.dll+0x284346]
V  [jvm.dll+0xc66ed]
V  [jvm.dll+0xc6c31]
V  [jvm.dll+0x3bec3b]
V  [jvm.dll+0x38b162]
V  [jvm.dll+0x38a5aa]
V  [jvm.dll+0x24c560]
V  [jvm.dll+0x24bb40]
V  [jvm.dll+0x1cb34e]
V  [jvm.dll+0x25b85d]
V  [jvm.dll+0x259dea]
V  [jvm.dll+0x3f857e]
V  [jvm.dll+0x85f59d]
V  [jvm.dll+0x6d626d]
C  [ucrtbase.dll+0x37b0]
C  [KERNEL32.DLL+0x2e957]
C  [ntdll.dll+0x427c]


---------------  P R O C E S S  ---------------

Threads class SMR info:
_java_thread_list=0x0000018af967c530, length=46, elements={
0x0000018a951b0370, 0x0000018aadaeaf80, 0x0000018aadaeed10, 0x0000018aadaf40f0,
0x0000018aadaf4eb0, 0x0000018aadaf6e70, 0x0000018aadafd600, 0x0000018af00245d0,
0x0000018af0028c60, 0x0000018af026d040, 0x0000018af026e3f0, 0x0000018af026dd60,
0x0000018af026c320, 0x0000018af026ea80, 0x0000018af026f110, 0x0000018af026bc90,
0x0000018af026c9b0, 0x0000018af5f30970, 0x0000018af5a2db00, 0x0000018af5a2fbd0,
0x0000018af5a2c750, 0x0000018af5a2f540, 0x0000018af5a30260, 0x0000018af5a2cde0,
0x0000018af5a308f0, 0x0000018af5a2e820, 0x0000018af5a2d470, 0x0000018af5a30f80,
0x0000018af5a2e190, 0x0000018af5a31610, 0x0000018af5a31ca0, 0x0000018af5a32330,
0x0000018af5a329c0, 0x0000018af5a336e0, 0x0000018af5a33050, 0x0000018af5a33d70,
0x0000018af837b8f0, 0x0000018af837c610, 0x0000018af837abd0, 0x0000018af837bf80,
0x0000018af837a540, 0x0000018af837b260, 0x0000018af8379820, 0x0000018af8379eb0,
0x0000018af9e62850, 0x0000018af837fa90
}

Java Threads: ( => current thread )
  0x0000018a951b0370 JavaThread "main"                              [_thread_blocked, id=5208, stack(0x0000001118100000,0x0000001118200000) (1024K)]
  0x0000018aadaeaf80 JavaThread "Reference Handler"          daemon [_thread_blocked, id=14168, stack(0x0000001118500000,0x0000001118600000) (1024K)]
  0x0000018aadaeed10 JavaThread "Finalizer"                  daemon [_thread_blocked, id=25348, stack(0x0000001118600000,0x0000001118700000) (1024K)]
  0x0000018aadaf40f0 JavaThread "Signal Dispatcher"          daemon [_thread_blocked, id=18828, stack(0x0000001118700000,0x0000001118800000) (1024K)]
  0x0000018aadaf4eb0 JavaThread "Attach Listener"            daemon [_thread_blocked, id=14664, stack(0x0000001118800000,0x0000001118900000) (1024K)]
  0x0000018aadaf6e70 JavaThread "Service Thread"             daemon [_thread_blocked, id=24732, stack(0x0000001118900000,0x0000001118a00000) (1024K)]
  0x0000018aadafd600 JavaThread "Monitor Deflation Thread"   daemon [_thread_blocked, id=14296, stack(0x0000001118a00000,0x0000001118b00000) (1024K)]
  0x0000018af00245d0 JavaThread "C2 CompilerThread0"         daemon [_thread_in_native, id=12240, stack(0x0000001118b00000,0x0000001118c00000) (1024K)]
  0x0000018af0028c60 JavaThread "C1 CompilerThread0"         daemon [_thread_blocked, id=9004, stack(0x0000001118c00000,0x0000001118d00000) (1024K)]
  0x0000018af026d040 JavaThread "Common-Cleaner"             daemon [_thread_blocked, id=11500, stack(0x0000001118e00000,0x0000001118f00000) (1024K)]
  0x0000018af026e3f0 JavaThread "Notification Thread"        daemon [_thread_blocked, id=2372, stack(0x0000001118f00000,0x0000001119000000) (1024K)]
  0x0000018af026dd60 JavaThread "Active Thread: Equinox Container: 249f1d58-41bc-49eb-913f-062529308f44"        [_thread_blocked, id=4028, stack(0x0000001119700000,0x0000001119800000) (1024K)]
  0x0000018af026c320 JavaThread "Refresh Thread: Equinox Container: 249f1d58-41bc-49eb-913f-062529308f44" daemon [_thread_blocked, id=23556, stack(0x0000001119800000,0x0000001119900000) (1024K)]
  0x0000018af026ea80 JavaThread "Framework Event Dispatcher: Equinox Container: 249f1d58-41bc-49eb-913f-062529308f44" daemon [_thread_blocked, id=17176, stack(0x0000001119900000,0x0000001119a00000) (1024K)]
  0x0000018af026f110 JavaThread "Start Level: Equinox Container: 249f1d58-41bc-49eb-913f-062529308f44" daemon [_thread_blocked, id=25344, stack(0x0000001119a00000,0x0000001119b00000) (1024K)]
  0x0000018af026bc90 JavaThread "Bundle File Closer"         daemon [_thread_blocked, id=24420, stack(0x0000001119d00000,0x0000001119e00000) (1024K)]
  0x0000018af026c9b0 JavaThread "SCR Component Actor"        daemon [_thread_blocked, id=24748, stack(0x0000001118d00000,0x0000001118e00000) (1024K)]
  0x0000018af5f30970 JavaThread "C2 CompilerThread1"         daemon [_thread_in_native, id=24868, stack(0x0000001119e00000,0x0000001119f00000) (1024K)]
  0x0000018af5a2db00 JavaThread "Worker-JM"                         [_thread_blocked, id=17928, stack(0x000000111a000000,0x000000111a100000) (1024K)]
  0x0000018af5a2fbd0 JavaThread "Worker-0"                          [_thread_blocked, id=24136, stack(0x000000111a100000,0x000000111a200000) (1024K)]
  0x0000018af5a2c750 JavaThread "Worker-1"                          [_thread_blocked, id=24940, stack(0x000000111a200000,0x000000111a300000) (1024K)]
  0x0000018af5a2f540 JavaThread "Java indexing"              daemon [_thread_blocked, id=18952, stack(0x0000001119f00000,0x000000111a000000) (1024K)]
  0x0000018af5a30260 JavaThread "JNA Cleaner"                daemon [_thread_blocked, id=17240, stack(0x000000111a300000,0x000000111a400000) (1024K)]
  0x0000018af5a2cde0 JavaThread "Worker-2"                          [_thread_blocked, id=4468, stack(0x000000111a700000,0x000000111a800000) (1024K)]
  0x0000018af5a308f0 JavaThread "Worker-3"                          [_thread_blocked, id=9728, stack(0x000000111a800000,0x000000111a900000) (1024K)]
  0x0000018af5a2e820 JavaThread "Thread-1"                   daemon [_thread_in_native, id=14268, stack(0x000000111aa00000,0x000000111ab00000) (1024K)]
  0x0000018af5a2d470 JavaThread "Thread-2"                   daemon [_thread_in_native, id=18976, stack(0x000000111ab00000,0x000000111ac00000) (1024K)]
  0x0000018af5a30f80 JavaThread "Thread-3"                   daemon [_thread_in_native, id=18996, stack(0x000000111ac00000,0x000000111ad00000) (1024K)]
  0x0000018af5a2e190 JavaThread "Thread-4"                   daemon [_thread_in_native, id=7808, stack(0x000000111ad00000,0x000000111ae00000) (1024K)]
  0x0000018af5a31610 JavaThread "Thread-5"                   daemon [_thread_in_native, id=6344, stack(0x000000111ae00000,0x000000111af00000) (1024K)]
  0x0000018af5a31ca0 JavaThread "Thread-6"                   daemon [_thread_in_native, id=23876, stack(0x000000111af00000,0x000000111b000000) (1024K)]
  0x0000018af5a32330 JavaThread "Thread-7"                   daemon [_thread_in_native, id=9012, stack(0x000000111b000000,0x000000111b100000) (1024K)]
  0x0000018af5a329c0 JavaThread "Thread-8"                   daemon [_thread_in_native, id=18632, stack(0x000000111b100000,0x000000111b200000) (1024K)]
  0x0000018af5a336e0 JavaThread "Thread-9"                   daemon [_thread_in_native, id=2688, stack(0x000000111b200000,0x000000111b300000) (1024K)]
  0x0000018af5a33050 JavaThread "Thread-10"                  daemon [_thread_in_native, id=6004, stack(0x000000111b300000,0x000000111b400000) (1024K)]
  0x0000018af5a33d70 JavaThread "Thread-11"                  daemon [_thread_in_native, id=16000, stack(0x000000111b400000,0x000000111b500000) (1024K)]
  0x0000018af837b8f0 JavaThread "Thread-12"                  daemon [_thread_in_native, id=11044, stack(0x000000111b500000,0x000000111b600000) (1024K)]
  0x0000018af837c610 JavaThread "Thread-13"                  daemon [_thread_in_native, id=17596, stack(0x000000111b600000,0x000000111b700000) (1024K)]
  0x0000018af837abd0 JavaThread "pool-2-thread-1"                   [_thread_blocked, id=18972, stack(0x000000111b700000,0x000000111b800000) (1024K)]
  0x0000018af837bf80 JavaThread "WorkspaceEventsHandler"            [_thread_blocked, id=12088, stack(0x000000111b900000,0x000000111ba00000) (1024K)]
  0x0000018af837a540 JavaThread "pool-1-thread-1"                   [_thread_blocked, id=24240, stack(0x000000111ba00000,0x000000111bb00000) (1024K)]
  0x0000018af837b260 JavaThread "Worker-4"                          [_thread_blocked, id=2320, stack(0x000000111bb00000,0x000000111bc00000) (1024K)]
  0x0000018af8379820 JavaThread "Worker-5: Initialize Workspace"        [_thread_in_native, id=14696, stack(0x000000111bc00000,0x000000111bd00000) (1024K)]
  0x0000018af8379eb0 JavaThread "Keep-Alive-Timer"           daemon [_thread_blocked, id=1348, stack(0x000000111bd00000,0x000000111be00000) (1024K)]
=>0x0000018af9e62850 JavaThread "C2 CompilerThread2"         daemon [_thread_in_native, id=7092, stack(0x000000111a900000,0x000000111aa00000) (1024K)]
  0x0000018af837fa90 JavaThread "ProjectImportProgressReporter" daemon [_thread_blocked, id=12624, stack(0x000000111be00000,0x000000111bf00000) (1024K)]
Total: 46

Other Threads:
  0x0000018aadae1ba0 VMThread "VM Thread"                           [id=11120, stack(0x0000001118400000,0x0000001118500000) (1024K)]
  0x0000018aad9dca00 WatcherThread "VM Periodic Task Thread"        [id=5384, stack(0x0000001118300000,0x0000001118400000) (1024K)]
  0x0000018a951ceb10 WorkerThread "GC Thread#0"                     [id=11904, stack(0x0000001118200000,0x0000001118300000) (1024K)]
  0x0000018af5215d60 WorkerThread "GC Thread#1"                     [id=13600, stack(0x0000001119100000,0x0000001119200000) (1024K)]
  0x0000018af03de080 WorkerThread "GC Thread#2"                     [id=9000, stack(0x0000001119200000,0x0000001119300000) (1024K)]
  0x0000018af03de430 WorkerThread "GC Thread#3"                     [id=7656, stack(0x0000001119300000,0x0000001119400000) (1024K)]
  0x0000018af03c22d0 WorkerThread "GC Thread#4"                     [id=16736, stack(0x0000001119400000,0x0000001119500000) (1024K)]
  0x0000018af03c2680 WorkerThread "GC Thread#5"                     [id=11184, stack(0x0000001119500000,0x0000001119600000) (1024K)]
  0x0000018af03c2a30 WorkerThread "GC Thread#6"                     [id=13640, stack(0x0000001119600000,0x0000001119700000) (1024K)]
  0x0000018af599da50 WorkerThread "GC Thread#7"                     [id=10464, stack(0x0000001119000000,0x0000001119100000) (1024K)]
  0x0000018af59f7510 WorkerThread "GC Thread#8"                     [id=3124, stack(0x0000001119b00000,0x0000001119c00000) (1024K)]
  0x0000018af5c7f460 WorkerThread "GC Thread#9"                     [id=19124, stack(0x0000001119c00000,0x0000001119d00000) (1024K)]
Total: 12

Threads with active compile tasks:
C2 CompilerThread0  13435 6309       4       java.lang.invoke.MethodType::makeImpl (109 bytes)
C2 CompilerThread2  13436 6333   !   4       org.eclipse.osgi.internal.loader.classpath.ClasspathManager::defineClass (636 bytes)
Total: 2

VM state: not at safepoint (normal execution)

VM Mutex/Monitor currently owned by a thread: None

Heap address: 0x0000000080000000, size: 2048 MB, Compressed Oops mode: 32-bit

CDS archive(s) mapped at: [0x0000018aae000000-0x0000018aaeba0000-0x0000018aaeba0000), size 12189696, SharedBaseAddress: 0x0000018aae000000, ArchiveRelocationMode: 1.
Compressed class space mapped at: 0x0000018aaf000000-0x0000018aef000000, reserved size: 1073741824
Narrow klass base: 0x0000018aae000000, Narrow klass shift: 0, Narrow klass range: 0x100000000

GC Precious Log:
 CardTable entry size: 512
 CPUs: 12 total, 12 available
 Memory: 16236M
 Large Page Support: Disabled
 NUMA Support: Disabled
 Compressed Oops: Enabled (32-bit)
 Alignments: Space 512K, Generation 512K, Heap 2M
 Heap Min Capacity: 100M
 Heap Initial Capacity: 100M
 Heap Max Capacity: 2G
 Pre-touch: Disabled
 Parallel Workers: 10

Heap:
 PSYoungGen      total 23552K, used 19425K [0x00000000d5580000, 0x00000000d7080000, 0x0000000100000000)
  eden space 22016K, 82% used [0x00000000d5580000,0x00000000d6729838,0x00000000d6b00000)
  from space 1536K, 87% used [0x00000000d6b00000,0x00000000d6c4ee98,0x00000000d6c80000)
  to   space 2560K, 0% used [0x00000000d6e00000,0x00000000d6e00000,0x00000000d7080000)
 ParOldGen       total 68608K, used 24781K [0x0000000080000000, 0x0000000084300000, 0x00000000d5580000)
  object space 68608K, 36% used [0x0000000080000000,0x00000000818335a8,0x0000000084300000)
 Metaspace       used 50042K, committed 51136K, reserved 1114112K
  class space    used 5531K, committed 6016K, reserved 1048576K

Card table byte_map: [0x0000018aa8e40000,0x0000018aa9250000] _byte_map_base: 0x0000018aa8a40000

Marking Bits: (ParMarkBitMap*) 0x00007ffada1e3450
 Begin Bits: [0x0000018aa9500000, 0x0000018aab500000)
 End Bits:   [0x0000018aab500000, 0x0000018aad500000)

Polling page: 0x0000018a950b0000

Metaspace:

Usage:
  Non-class:     43.47 MB used.
      Class:      5.40 MB used.
       Both:     48.87 MB used.

Virtual space:
  Non-class space:       64.00 MB reserved,      44.06 MB ( 69%) committed,  1 nodes.
      Class space:        1.00 GB reserved,       5.88 MB ( <1%) committed,  1 nodes.
             Both:        1.06 GB reserved,      49.94 MB (  5%) committed. 

Chunk freelists:
   Non-Class:  3.67 MB
       Class:  10.03 MB
        Both:  13.71 MB

MaxMetaspaceSize: unlimited
CompressedClassSpaceSize: 1.00 GB
Initial GC threshold: 21.00 MB
Current GC threshold: 58.38 MB
CDS: on
 - commit_granule_bytes: 65536.
 - commit_granule_words: 8192.
 - virtual_space_node_default_size: 8388608.
 - enlarge_chunks_in_place: 1.
 - use_allocation_guard: 0.


Internal statistics:

num_allocs_failed_limit: 6.
num_arena_births: 784.
num_arena_deaths: 14.
num_vsnodes_births: 2.
num_vsnodes_deaths: 0.
num_space_committed: 799.
num_space_uncommitted: 0.
num_chunks_returned_to_freelist: 20.
num_chunks_taken_from_freelist: 2752.
num_chunk_merges: 12.
num_chunk_splits: 1735.
num_chunks_enlarged: 1057.
num_inconsistent_stats: 0.

CodeHeap 'non-profiled nmethods': size=120000Kb used=3053Kb max_used=3053Kb free=116946Kb
 bounds [0x0000018aa1730000, 0x0000018aa1a30000, 0x0000018aa8c60000]
CodeHeap 'profiled nmethods': size=120000Kb used=12115Kb max_used=12115Kb free=107884Kb
 bounds [0x0000018a99c60000, 0x0000018a9a840000, 0x0000018aa1190000]
CodeHeap 'non-nmethods': size=5760Kb used=1399Kb max_used=1460Kb free=4360Kb
 bounds [0x0000018aa1190000, 0x0000018aa1400000, 0x0000018aa1730000]
CodeCache: size=245760Kb, used=16567Kb, max_used=16628Kb, free=229190Kb
 total_blobs=6630, nmethods=5928, adapters=608, full_count=0
Compilation: enabled, stopped_count=0, restarted_count=0

Compilation events (20 events):
Event: 11.329 Thread 0x0000018af0028c60 nmethod 6461 0x0000018a9a82cd10 code [0x0000018a9a82cf00, 0x0000018a9a82d370]
Event: 11.334 Thread 0x0000018af0028c60 6462       3       sun.nio.fs.WindowsPath::equals (28 bytes)
Event: 11.335 Thread 0x0000018af0028c60 nmethod 6462 0x0000018a9a82d510 code [0x0000018a9a82d6e0, 0x0000018a9a82db38]
Event: 11.335 Thread 0x0000018af0028c60 6463       3       java.util.Arrays$ArrayList::iterator (12 bytes)
Event: 11.336 Thread 0x0000018af0028c60 nmethod 6463 0x0000018a9a82dc10 code [0x0000018a9a82ddc0, 0x0000018a9a82e008]
Event: 11.340 Thread 0x0000018af0028c60 6466       3       sun.nio.fs.WindowsFileAttributes::isSameFile (39 bytes)
Event: 12.342 Thread 0x0000018af0028c60 nmethod 6466 0x0000018a9a82e110 code [0x0000018a9a82e2c0, 0x0000018a9a82e478]
Event: 12.342 Thread 0x0000018af0028c60 6467       3       java.util.ArrayList$ArrayListSpliterator::forEachRemaining (127 bytes)
Event: 12.343 Thread 0x0000018af0028c60 nmethod 6467 0x0000018a9a82e590 code [0x0000018a9a82e7a0, 0x0000018a9a82ed78]
Event: 12.343 Thread 0x0000018af0028c60 6471       3       java.util.concurrent.ScheduledThreadPoolExecutor$ScheduledFutureTask::compareTo (9 bytes)
Event: 12.343 Thread 0x0000018af0028c60 nmethod 6471 0x0000018a9a82ef90 code [0x0000018a9a82f140, 0x0000018a9a82f390]
Event: 12.343 Thread 0x0000018af0028c60 6472       3       java.util.concurrent.ScheduledThreadPoolExecutor$ScheduledFutureTask::compareTo (101 bytes)
Event: 12.343 Thread 0x0000018af0028c60 nmethod 6472 0x0000018a9a82f490 code [0x0000018a9a82f6c0, 0x0000018a9a82fdd8]
Event: 12.343 Thread 0x0000018af0028c60 6473       3       java.util.concurrent.ScheduledThreadPoolExecutor$DelayedWorkQueue::setIndex (16 bytes)
Event: 12.343 Thread 0x0000018af0028c60 nmethod 6473 0x0000018a9a82ff90 code [0x0000018a9a830140, 0x0000018a9a830448]
Event: 12.343 Thread 0x0000018af0028c60 6470   !   3       org.eclipse.core.internal.jobs.JobManager::withWriteLock (70 bytes)
Event: 12.344 Thread 0x0000018af0028c60 nmethod 6470 0x0000018a9a830510 code [0x0000018a9a830720, 0x0000018a9a830d38]
Event: 12.348 Thread 0x0000018af5f30970 nmethod 6460 0x0000018aa1a23110 code [0x0000018aa1a233a0, 0x0000018aa1a245a8]
Event: 12.348 Thread 0x0000018af5f30970 6465       4       java.util.regex.Pattern::compile (537 bytes)
Event: 12.382 Thread 0x0000018af0028c60 6477       1       sun.nio.fs.WindowsNativeDispatcher$FirstFile::handle (5 bytes)

GC Heap History (20 events):
Event: 8.473 GC heap before
{Heap before GC invocations=12 (full 1):
 PSYoungGen      total 25088K, used 25034K [0x00000000d5580000, 0x00000000d7600000, 0x0000000100000000)
  eden space 23040K, 100% used [0x00000000d5580000,0x00000000d6c00000,0x00000000d6c00000)
  from space 2048K, 97% used [0x00000000d7400000,0x00000000d75f29a0,0x00000000d7600000)
  to   space 2560K, 0% used [0x00000000d7100000,0x00000000d7100000,0x00000000d7380000)
 ParOldGen       total 68608K, used 13942K [0x0000000080000000, 0x0000000084300000, 0x00000000d5580000)
  object space 68608K, 20% used [0x0000000080000000,0x0000000080d9da50,0x0000000084300000)
 Metaspace       used 29839K, committed 30784K, reserved 1114112K
  class space    used 2947K, committed 3328K, reserved 1048576K
}
Event: 8.475 GC heap after
{Heap after GC invocations=12 (full 1):
 PSYoungGen      total 25088K, used 2166K [0x00000000d5580000, 0x00000000d7480000, 0x0000000100000000)
  eden space 22528K, 0% used [0x00000000d5580000,0x00000000d5580000,0x00000000d6b80000)
  from space 2560K, 84% used [0x00000000d7100000,0x00000000d731da28,0x00000000d7380000)
  to   space 1024K, 0% used [0x00000000d7380000,0x00000000d7380000,0x00000000d7480000)
 ParOldGen       total 68608K, used 15785K [0x0000000080000000, 0x0000000084300000, 0x00000000d5580000)
  object space 68608K, 23% used [0x0000000080000000,0x0000000080f6a7e8,0x0000000084300000)
 Metaspace       used 29839K, committed 30784K, reserved 1114112K
  class space    used 2947K, committed 3328K, reserved 1048576K
}
Event: 8.570 GC heap before
{Heap before GC invocations=13 (full 1):
 PSYoungGen      total 25088K, used 24694K [0x00000000d5580000, 0x00000000d7480000, 0x0000000100000000)
  eden space 22528K, 100% used [0x00000000d5580000,0x00000000d6b80000,0x00000000d6b80000)
  from space 2560K, 84% used [0x00000000d7100000,0x00000000d731da28,0x00000000d7380000)
  to   space 1024K, 0% used [0x00000000d7380000,0x00000000d7380000,0x00000000d7480000)
 ParOldGen       total 68608K, used 15785K [0x0000000080000000, 0x0000000084300000, 0x00000000d5580000)
  object space 68608K, 23% used [0x0000000080000000,0x0000000080f6a7e8,0x0000000084300000)
 Metaspace       used 32332K, committed 33408K, reserved 1114112K
  class space    used 3249K, committed 3712K, reserved 1048576K
}
Event: 8.573 GC heap after
{Heap after GC invocations=13 (full 1):
 PSYoungGen      total 23040K, used 1015K [0x00000000d5580000, 0x00000000d7800000, 0x0000000100000000)
  eden space 22016K, 0% used [0x00000000d5580000,0x00000000d5580000,0x00000000d6b00000)
  from space 1024K, 99% used [0x00000000d7380000,0x00000000d747dca8,0x00000000d7480000)
  to   space 6656K, 0% used [0x00000000d6b00000,0x00000000d6b00000,0x00000000d7180000)
 ParOldGen       total 68608K, used 20598K [0x0000000080000000, 0x0000000084300000, 0x00000000d5580000)
  object space 68608K, 30% used [0x0000000080000000,0x000000008141d8e8,0x0000000084300000)
 Metaspace       used 32332K, committed 33408K, reserved 1114112K
  class space    used 3249K, committed 3712K, reserved 1048576K
}
Event: 8.662 GC heap before
{Heap before GC invocations=14 (full 1):
 PSYoungGen      total 23040K, used 17067K [0x00000000d5580000, 0x00000000d7800000, 0x0000000100000000)
  eden space 22016K, 72% used [0x00000000d5580000,0x00000000d652d138,0x00000000d6b00000)
  from space 1024K, 99% used [0x00000000d7380000,0x00000000d747dca8,0x00000000d7480000)
  to   space 6656K, 0% used [0x00000000d6b00000,0x00000000d6b00000,0x00000000d7180000)
 ParOldGen       total 68608K, used 20598K [0x0000000080000000, 0x0000000084300000, 0x00000000d5580000)
  object space 68608K, 30% used [0x0000000080000000,0x000000008141d8e8,0x0000000084300000)
 Metaspace       used 34837K, committed 35840K, reserved 1114112K
  class space    used 3576K, committed 3968K, reserved 1048576K
}
Event: 8.664 GC heap after
{Heap after GC invocations=14 (full 1):
 PSYoungGen      total 23040K, used 768K [0x00000000d5580000, 0x00000000d7400000, 0x0000000100000000)
  eden space 22016K, 0% used [0x00000000d5580000,0x00000000d5580000,0x00000000d6b00000)
  from space 1024K, 75% used [0x00000000d6b00000,0x00000000d6bc0000,0x00000000d6c00000)
  to   space 3072K, 0% used [0x00000000d7100000,0x00000000d7100000,0x00000000d7400000)
 ParOldGen       total 68608K, used 21754K [0x0000000080000000, 0x0000000084300000, 0x00000000d5580000)
  object space 68608K, 31% used [0x0000000080000000,0x000000008153eb58,0x0000000084300000)
 Metaspace       used 34837K, committed 35840K, reserved 1114112K
  class space    used 3576K, committed 3968K, reserved 1048576K
}
Event: 8.664 GC heap before
{Heap before GC invocations=15 (full 2):
 PSYoungGen      total 23040K, used 768K [0x00000000d5580000, 0x00000000d7400000, 0x0000000100000000)
  eden space 22016K, 0% used [0x00000000d5580000,0x00000000d5580000,0x00000000d6b00000)
  from space 1024K, 75% used [0x00000000d6b00000,0x00000000d6bc0000,0x00000000d6c00000)
  to   space 3072K, 0% used [0x00000000d7100000,0x00000000d7100000,0x00000000d7400000)
 ParOldGen       total 68608K, used 21754K [0x0000000080000000, 0x0000000084300000, 0x00000000d5580000)
  object space 68608K, 31% used [0x0000000080000000,0x000000008153eb58,0x0000000084300000)
 Metaspace       used 34837K, committed 35840K, reserved 1114112K
  class space    used 3576K, committed 3968K, reserved 1048576K
}
Event: 8.682 GC heap after
{Heap after GC invocations=15 (full 2):
 PSYoungGen      total 23040K, used 0K [0x00000000d5580000, 0x00000000d7400000, 0x0000000100000000)
  eden space 22016K, 0% used [0x00000000d5580000,0x00000000d5580000,0x00000000d6b00000)
  from space 1024K, 0% used [0x00000000d6b00000,0x00000000d6b00000,0x00000000d6c00000)
  to   space 3072K, 0% used [0x00000000d7100000,0x00000000d7100000,0x00000000d7400000)
 ParOldGen       total 68608K, used 19221K [0x0000000080000000, 0x0000000084300000, 0x00000000d5580000)
  object space 68608K, 28% used [0x0000000080000000,0x00000000812c5640,0x0000000084300000)
 Metaspace       used 34837K, committed 35840K, reserved 1114112K
  class space    used 3576K, committed 3968K, reserved 1048576K
}
Event: 8.811 GC heap before
{Heap before GC invocations=16 (full 2):
 PSYoungGen      total 23040K, used 22016K [0x00000000d5580000, 0x00000000d7400000, 0x0000000100000000)
  eden space 22016K, 100% used [0x00000000d5580000,0x00000000d6b00000,0x00000000d6b00000)
  from space 1024K, 0% used [0x00000000d6b00000,0x00000000d6b00000,0x00000000d6c00000)
  to   space 3072K, 0% used [0x00000000d7100000,0x00000000d7100000,0x00000000d7400000)
 ParOldGen       total 68608K, used 19221K [0x0000000080000000, 0x0000000084300000, 0x00000000d5580000)
  object space 68608K, 28% used [0x0000000080000000,0x00000000812c5640,0x0000000084300000)
 Metaspace       used 37889K, committed 38912K, reserved 1114112K
  class space    used 3996K, committed 4416K, reserved 1048576K
}
Event: 8.812 GC heap after
{Heap after GC invocations=16 (full 2):
 PSYoungGen      total 23552K, used 1066K [0x00000000d5580000, 0x00000000d7280000, 0x0000000100000000)
  eden space 22016K, 0% used [0x00000000d5580000,0x00000000d5580000,0x00000000d6b00000)
  from space 1536K, 69% used [0x00000000d7100000,0x00000000d720ab48,0x00000000d7280000)
  to   space 1536K, 0% used [0x00000000d6f80000,0x00000000d6f80000,0x00000000d7100000)
 ParOldGen       total 68608K, used 19229K [0x0000000080000000, 0x0000000084300000, 0x00000000d5580000)
  object space 68608K, 28% used [0x0000000080000000,0x00000000812c7640,0x0000000084300000)
 Metaspace       used 37889K, committed 38912K, reserved 1114112K
  class space    used 3996K, committed 4416K, reserved 1048576K
}
Event: 8.968 GC heap before
{Heap before GC invocations=17 (full 2):
 PSYoungGen      total 23552K, used 23082K [0x00000000d5580000, 0x00000000d7280000, 0x0000000100000000)
  eden space 22016K, 100% used [0x00000000d5580000,0x00000000d6b00000,0x00000000d6b00000)
  from space 1536K, 69% used [0x00000000d7100000,0x00000000d720ab48,0x00000000d7280000)
  to   space 1536K, 0% used [0x00000000d6f80000,0x00000000d6f80000,0x00000000d7100000)
 ParOldGen       total 68608K, used 19229K [0x0000000080000000, 0x0000000084300000, 0x00000000d5580000)
  object space 68608K, 28% used [0x0000000080000000,0x00000000812c7640,0x0000000084300000)
 Metaspace       used 39828K, committed 40896K, reserved 1114112K
  class space    used 4262K, committed 4736K, reserved 1048576K
}
Event: 8.970 GC heap after
{Heap after GC invocations=17 (full 2):
 PSYoungGen      total 23552K, used 1046K [0x00000000d5580000, 0x00000000d7180000, 0x0000000100000000)
  eden space 22016K, 0% used [0x00000000d5580000,0x00000000d5580000,0x00000000d6b00000)
  from space 1536K, 68% used [0x00000000d6f80000,0x00000000d70859d0,0x00000000d7100000)
  to   space 512K, 0% used [0x00000000d7100000,0x00000000d7100000,0x00000000d7180000)
 ParOldGen       total 68608K, used 20080K [0x0000000080000000, 0x0000000084300000, 0x00000000d5580000)
  object space 68608K, 29% used [0x0000000080000000,0x000000008139c1a8,0x0000000084300000)
 Metaspace       used 39828K, committed 40896K, reserved 1114112K
  class space    used 4262K, committed 4736K, reserved 1048576K
}
Event: 9.108 GC heap before
{Heap before GC invocations=18 (full 2):
 PSYoungGen      total 23552K, used 23062K [0x00000000d5580000, 0x00000000d7180000, 0x0000000100000000)
  eden space 22016K, 100% used [0x00000000d5580000,0x00000000d6b00000,0x00000000d6b00000)
  from space 1536K, 68% used [0x00000000d6f80000,0x00000000d70859d0,0x00000000d7100000)
  to   space 512K, 0% used [0x00000000d7100000,0x00000000d7100000,0x00000000d7180000)
 ParOldGen       total 68608K, used 20080K [0x0000000080000000, 0x0000000084300000, 0x00000000d5580000)
  object space 68608K, 29% used [0x0000000080000000,0x000000008139c1a8,0x0000000084300000)
 Metaspace       used 41621K, committed 42624K, reserved 1114112K
  class space    used 4493K, committed 4928K, reserved 1048576K
}
Event: 9.110 GC heap after
{Heap after GC invocations=18 (full 2):
 PSYoungGen      total 22528K, used 496K [0x00000000d5580000, 0x00000000d7180000, 0x0000000100000000)
  eden space 22016K, 0% used [0x00000000d5580000,0x00000000d5580000,0x00000000d6b00000)
  from space 512K, 96% used [0x00000000d7100000,0x00000000d717c010,0x00000000d7180000)
  to   space 1536K, 0% used [0x00000000d6e80000,0x00000000d6e80000,0x00000000d7000000)
 ParOldGen       total 68608K, used 20984K [0x0000000080000000, 0x0000000084300000, 0x00000000d5580000)
  object space 68608K, 30% used [0x0000000080000000,0x000000008147e1a8,0x0000000084300000)
 Metaspace       used 41621K, committed 42624K, reserved 1114112K
  class space    used 4493K, committed 4928K, reserved 1048576K
}
Event: 9.308 GC heap before
{Heap before GC invocations=19 (full 2):
 PSYoungGen      total 22528K, used 22512K [0x00000000d5580000, 0x00000000d7180000, 0x0000000100000000)
  eden space 22016K, 100% used [0x00000000d5580000,0x00000000d6b00000,0x00000000d6b00000)
  from space 512K, 96% used [0x00000000d7100000,0x00000000d717c010,0x00000000d7180000)
  to   space 1536K, 0% used [0x00000000d6e80000,0x00000000d6e80000,0x00000000d7000000)
 ParOldGen       total 68608K, used 20984K [0x0000000080000000, 0x0000000084300000, 0x00000000d5580000)
  object space 68608K, 30% used [0x0000000080000000,0x000000008147e1a8,0x0000000084300000)
 Metaspace       used 43884K, committed 44992K, reserved 1114112K
  class space    used 4785K, committed 5312K, reserved 1048576K
}
Event: 9.309 GC heap after
{Heap after GC invocations=19 (full 2):
 PSYoungGen      total 23552K, used 1200K [0x00000000d5580000, 0x00000000d7180000, 0x0000000100000000)
  eden space 22016K, 0% used [0x00000000d5580000,0x00000000d5580000,0x00000000d6b00000)
  from space 1536K, 78% used [0x00000000d6e80000,0x00000000d6fac248,0x00000000d7000000)
  to   space 1536K, 0% used [0x00000000d7000000,0x00000000d7000000,0x00000000d7180000)
 ParOldGen       total 68608K, used 21437K [0x0000000080000000, 0x0000000084300000, 0x00000000d5580000)
  object space 68608K, 31% used [0x0000000080000000,0x00000000814ef520,0x0000000084300000)
 Metaspace       used 43884K, committed 44992K, reserved 1114112K
  class space    used 4785K, committed 5312K, reserved 1048576K
}
Event: 9.595 GC heap before
{Heap before GC invocations=20 (full 2):
 PSYoungGen      total 23552K, used 23216K [0x00000000d5580000, 0x00000000d7180000, 0x0000000100000000)
  eden space 22016K, 100% used [0x00000000d5580000,0x00000000d6b00000,0x00000000d6b00000)
  from space 1536K, 78% used [0x00000000d6e80000,0x00000000d6fac248,0x00000000d7000000)
  to   space 1536K, 0% used [0x00000000d7000000,0x00000000d7000000,0x00000000d7180000)
 ParOldGen       total 68608K, used 21437K [0x0000000080000000, 0x0000000084300000, 0x00000000d5580000)
  object space 68608K, 31% used [0x0000000080000000,0x00000000814ef520,0x0000000084300000)
 Metaspace       used 46171K, committed 47296K, reserved 1114112K
  class space    used 5100K, committed 5632K, reserved 1048576K
}
Event: 9.597 GC heap after
{Heap after GC invocations=20 (full 2):
 PSYoungGen      total 23552K, used 1536K [0x00000000d5580000, 0x00000000d7300000, 0x0000000100000000)
  eden space 22016K, 0% used [0x00000000d5580000,0x00000000d5580000,0x00000000d6b00000)
  from space 1536K, 100% used [0x00000000d7000000,0x00000000d7180000,0x00000000d7180000)
  to   space 4096K, 0% used [0x00000000d6b00000,0x00000000d6b00000,0x00000000d6f00000)
 ParOldGen       total 68608K, used 23293K [0x0000000080000000, 0x0000000084300000, 0x00000000d5580000)
  object space 68608K, 33% used [0x0000000080000000,0x00000000816bf588,0x0000000084300000)
 Metaspace       used 46171K, committed 47296K, reserved 1114112K
  class space    used 5100K, committed 5632K, reserved 1048576K
}
Event: 10.937 GC heap before
{Heap before GC invocations=21 (full 2):
 PSYoungGen      total 23552K, used 23552K [0x00000000d5580000, 0x00000000d7300000, 0x0000000100000000)
  eden space 22016K, 100% used [0x00000000d5580000,0x00000000d6b00000,0x00000000d6b00000)
  from space 1536K, 100% used [0x00000000d7000000,0x00000000d7180000,0x00000000d7180000)
  to   space 4096K, 0% used [0x00000000d6b00000,0x00000000d6b00000,0x00000000d6f00000)
 ParOldGen       total 68608K, used 23293K [0x0000000080000000, 0x0000000084300000, 0x00000000d5580000)
  object space 68608K, 33% used [0x0000000080000000,0x00000000816bf588,0x0000000084300000)
 Metaspace       used 48793K, committed 49856K, reserved 1114112K
  class space    used 5408K, committed 5888K, reserved 1048576K
}
Event: 10.939 GC heap after
{Heap after GC invocations=21 (full 2):
 PSYoungGen      total 23552K, used 1339K [0x00000000d5580000, 0x00000000d7080000, 0x0000000100000000)
  eden space 22016K, 0% used [0x00000000d5580000,0x00000000d5580000,0x00000000d6b00000)
  from space 1536K, 87% used [0x00000000d6b00000,0x00000000d6c4ee98,0x00000000d6c80000)
  to   space 2560K, 0% used [0x00000000d6e00000,0x00000000d6e00000,0x00000000d7080000)
 ParOldGen       total 68608K, used 24781K [0x0000000080000000, 0x0000000084300000, 0x00000000d5580000)
  object space 68608K, 36% used [0x0000000080000000,0x00000000818335a8,0x0000000084300000)
 Metaspace       used 48793K, committed 49856K, reserved 1114112K
  class space    used 5408K, committed 5888K, reserved 1048576K
}

Dll operation events (14 events):
Event: 0.032 Loaded shared library c:\Users\utkar\.antigravity-ide\extensions\redhat.java-1.54.0-win32-x64\jre\21.0.10-win32-x86_64\bin\java.dll
Event: 0.107 Loaded shared library c:\Users\utkar\.antigravity-ide\extensions\redhat.java-1.54.0-win32-x64\jre\21.0.10-win32-x86_64\bin\zip.dll
Event: 0.130 Loaded shared library C:\Users\utkar\.antigravity-ide\extensions\redhat.java-1.54.0-win32-x64\jre\21.0.10-win32-x86_64\bin\instrument.dll
Event: 0.147 Loaded shared library C:\Users\utkar\.antigravity-ide\extensions\redhat.java-1.54.0-win32-x64\jre\21.0.10-win32-x86_64\bin\net.dll
Event: 0.151 Loaded shared library C:\Users\utkar\.antigravity-ide\extensions\redhat.java-1.54.0-win32-x64\jre\21.0.10-win32-x86_64\bin\nio.dll
Event: 0.154 Loaded shared library C:\Users\utkar\.antigravity-ide\extensions\redhat.java-1.54.0-win32-x64\jre\21.0.10-win32-x86_64\bin\zip.dll
Event: 0.172 Loaded shared library C:\Users\utkar\.antigravity-ide\extensions\redhat.java-1.54.0-win32-x64\jre\21.0.10-win32-x86_64\bin\jimage.dll
Event: 0.244 Loaded shared library c:\Users\utkar\.antigravity-ide\extensions\redhat.java-1.54.0-win32-x64\jre\21.0.10-win32-x86_64\bin\verify.dll
Event: 1.523 Loaded shared library C:\Users\utkar\AppData\Roaming\Antigravity IDE\User\globalStorage\redhat.java\1.54.0\config_win\org.eclipse.equinox.launcher\org.eclipse.equinox.launcher.win32.win32.x86_64_1.3.0.v20260203-2149\eclipse_11919.dll
Event: 7.416 Loaded shared library C:\Users\utkar\.antigravity-ide\extensions\redhat.java-1.54.0-win32-x64\jre\21.0.10-win32-x86_64\bin\management.dll
Event: 7.425 Loaded shared library C:\Users\utkar\.antigravity-ide\extensions\redhat.java-1.54.0-win32-x64\jre\21.0.10-win32-x86_64\bin\management_ext.dll
Event: 8.392 Loaded shared library C:\Users\utkar\AppData\Local\Temp\jna-111613661\jna5179639260807769886.dll
Event: 8.647 Loaded shared library C:\Users\utkar\.antigravity-ide\extensions\redhat.java-1.54.0-win32-x64\jre\21.0.10-win32-x86_64\bin\sunmscapi.dll
Event: 8.749 Loaded shared library C:\Users\utkar\.antigravity-ide\extensions\redhat.java-1.54.0-win32-x64\jre\21.0.10-win32-x86_64\bin\extnet.dll

Deoptimization events (20 events):
Event: 11.157 Thread 0x0000018af837a540 DEOPT PACKING pc=0x0000018aa1797f2c sp=0x000000111bafed80
Event: 11.157 Thread 0x0000018af837a540 DEOPT UNPACKING pc=0x0000018aa11e3aa2 sp=0x000000111bafed10 mode 2
Event: 11.158 Thread 0x0000018af837a540 Uncommon trap: trap_request=0xffffff45 fr.pc=0x0000018aa182a440 relative=0x00000000000002c0
Event: 11.158 Thread 0x0000018af837a540 Uncommon trap: reason=unstable_if action=reinterpret pc=0x0000018aa182a440 method=sun.nio.cs.StreamDecoder.lockedRead([CII)I @ 165 c2
Event: 11.158 Thread 0x0000018af837a540 DEOPT PACKING pc=0x0000018aa182a440 sp=0x000000111bafec50
Event: 11.158 Thread 0x0000018af837a540 DEOPT UNPACKING pc=0x0000018aa11e3aa2 sp=0x000000111bafec40 mode 2
Event: 11.176 Thread 0x0000018af8379820 Uncommon trap: trap_request=0xffffff45 fr.pc=0x0000018aa1910838 relative=0x00000000000005b8
Event: 11.176 Thread 0x0000018af8379820 Uncommon trap: reason=unstable_if action=reinterpret pc=0x0000018aa1910838 method=java.lang.StringConcatHelper.simpleConcat(Ljava/lang/Object;Ljava/lang/Object;)Ljava/lang/String; @ 30 c2
Event: 11.176 Thread 0x0000018af8379820 DEOPT PACKING pc=0x0000018aa1910838 sp=0x000000111bcfe680
Event: 11.176 Thread 0x0000018af8379820 DEOPT UNPACKING pc=0x0000018aa11e3aa2 sp=0x000000111bcfe628 mode 2
Event: 11.188 Thread 0x0000018af8379820 DEOPT PACKING pc=0x0000018a9a5ff7bc sp=0x000000111bcfc900
Event: 11.188 Thread 0x0000018af8379820 DEOPT UNPACKING pc=0x0000018aa11e4242 sp=0x000000111bcfbe20 mode 0
Event: 11.230 Thread 0x0000018af8379820 DEOPT PACKING pc=0x0000018a9a782ac6 sp=0x000000111bcfec50
Event: 11.230 Thread 0x0000018af8379820 DEOPT UNPACKING pc=0x0000018aa11e4242 sp=0x000000111bcfe1d0 mode 0
Event: 11.323 Thread 0x0000018af8379820 DEOPT PACKING pc=0x0000018a9a389e7d sp=0x000000111bcfef50
Event: 11.323 Thread 0x0000018af8379820 DEOPT UNPACKING pc=0x0000018aa11e4242 sp=0x000000111bcfe400 mode 0
Event: 12.342 Thread 0x0000018af8379820 DEOPT PACKING pc=0x0000018a9a389ee5 sp=0x000000111bcfef50
Event: 12.342 Thread 0x0000018af8379820 DEOPT UNPACKING pc=0x0000018aa11e4242 sp=0x000000111bcfe400 mode 0
Event: 13.373 Thread 0x0000018af8379820 DEOPT PACKING pc=0x0000018a9a782ac6 sp=0x000000111bcfec80
Event: 13.373 Thread 0x0000018af8379820 DEOPT UNPACKING pc=0x0000018aa11e4242 sp=0x000000111bcfe200 mode 0

Classes loaded (20 events):
Event: 11.181 Loading class java/util/concurrent/CompletionException
Event: 11.181 Loading class java/util/concurrent/CompletionException done
Event: 11.190 Loading class java/nio/file/FileVisitOption
Event: 11.190 Loading class java/nio/file/FileVisitOption done
Event: 11.191 Loading class java/nio/file/SimpleFileVisitor
Event: 11.191 Loading class java/nio/file/SimpleFileVisitor done
Event: 11.191 Loading class java/nio/file/FileTreeWalker
Event: 11.191 Loading class java/nio/file/FileTreeWalker done
Event: 11.191 Loading class java/nio/file/FileTreeWalker$1
Event: 11.191 Loading class java/nio/file/FileTreeWalker$1 done
Event: 11.192 Loading class java/nio/file/FileTreeWalker$DirectoryNode
Event: 11.192 Loading class java/nio/file/FileTreeWalker$DirectoryNode done
Event: 11.192 Loading class java/nio/file/FileTreeWalker$Event
Event: 11.192 Loading class java/nio/file/FileTreeWalker$Event done
Event: 11.192 Loading class java/nio/file/FileTreeWalker$EventType
Event: 11.192 Loading class java/nio/file/FileTreeWalker$EventType done
Event: 11.192 Loading class java/nio/file/Files$3
Event: 11.192 Loading class java/nio/file/Files$3 done
Event: 11.193 Loading class java/nio/file/FileVisitResult
Event: 11.193 Loading class java/nio/file/FileVisitResult done

Classes unloaded (7 events):
Event: 7.935 Thread 0x0000018aadae1ba0 Unloading class 0x0000018aaf1a9400 'java/lang/invoke/LambdaForm$MH+0x0000018aaf1a9400'
Event: 7.935 Thread 0x0000018aadae1ba0 Unloading class 0x0000018aaf1a9000 'java/lang/invoke/LambdaForm$MH+0x0000018aaf1a9000'
Event: 7.935 Thread 0x0000018aadae1ba0 Unloading class 0x0000018aaf1a8c00 'java/lang/invoke/LambdaForm$MH+0x0000018aaf1a8c00'
Event: 7.935 Thread 0x0000018aadae1ba0 Unloading class 0x0000018aaf1a8800 'java/lang/invoke/LambdaForm$MH+0x0000018aaf1a8800'
Event: 7.935 Thread 0x0000018aadae1ba0 Unloading class 0x0000018aaf1a8400 'java/lang/invoke/LambdaForm$BMH+0x0000018aaf1a8400'
Event: 7.935 Thread 0x0000018aadae1ba0 Unloading class 0x0000018aaf1a8000 'java/lang/invoke/LambdaForm$DMH+0x0000018aaf1a8000'
Event: 7.935 Thread 0x0000018aadae1ba0 Unloading class 0x0000018aaf1a6c00 'java/lang/invoke/LambdaForm$DMH+0x0000018aaf1a6c00'

Classes redefined (0 events):
No events

Internal exceptions (20 events):
Event: 12.410 Thread 0x0000018af8379820 Exception <a 'sun/nio/fs/WindowsException'{0x00000000d6556e60}> (0x00000000d6556e60) 
thrown [s\src\hotspot\share\prims\jni.cpp, line 520]
Event: 12.412 Thread 0x0000018af8379820 Exception <a 'sun/nio/fs/WindowsException'{0x00000000d655d258}> (0x00000000d655d258) 
thrown [s\src\hotspot\share\prims\jni.cpp, line 520]
Event: 12.412 Thread 0x0000018af8379820 Exception <a 'sun/nio/fs/WindowsException'{0x00000000d655d888}> (0x00000000d655d888) 
thrown [s\src\hotspot\share\prims\jni.cpp, line 520]
Event: 12.412 Thread 0x0000018af8379820 Exception <a 'sun/nio/fs/WindowsException'{0x00000000d655deb8}> (0x00000000d655deb8) 
thrown [s\src\hotspot\share\prims\jni.cpp, line 520]
Event: 12.412 Thread 0x0000018af8379820 Exception <a 'sun/nio/fs/WindowsException'{0x00000000d655e508}> (0x00000000d655e508) 
thrown [s\src\hotspot\share\prims\jni.cpp, line 520]
Event: 12.413 Thread 0x0000018af8379820 Exception <a 'sun/nio/fs/WindowsException'{0x00000000d6565a00}> (0x00000000d6565a00) 
thrown [s\src\hotspot\share\prims\jni.cpp, line 520]
Event: 12.413 Thread 0x0000018af8379820 Exception <a 'sun/nio/fs/WindowsException'{0x00000000d6566030}> (0x00000000d6566030) 
thrown [s\src\hotspot\share\prims\jni.cpp, line 520]
Event: 12.413 Thread 0x0000018af8379820 Exception <a 'sun/nio/fs/WindowsException'{0x00000000d6566660}> (0x00000000d6566660) 
thrown [s\src\hotspot\share\prims\jni.cpp, line 520]
Event: 12.413 Thread 0x0000018af8379820 Exception <a 'sun/nio/fs/WindowsException'{0x00000000d6566cb0}> (0x00000000d6566cb0) 
thrown [s\src\hotspot\share\prims\jni.cpp, line 520]
Event: 12.414 Thread 0x0000018af8379820 Exception <a 'sun/nio/fs/WindowsException'{0x00000000d656bd28}> (0x00000000d656bd28) 
thrown [s\src\hotspot\share\prims\jni.cpp, line 520]
Event: 12.414 Thread 0x0000018af8379820 Exception <a 'sun/nio/fs/WindowsException'{0x00000000d656c358}> (0x00000000d656c358) 
thrown [s\src\hotspot\share\prims\jni.cpp, line 520]
Event: 12.414 Thread 0x0000018af8379820 Exception <a 'sun/nio/fs/WindowsException'{0x00000000d656cbc8}> (0x00000000d656cbc8) 
thrown [s\src\hotspot\share\prims\jni.cpp, line 520]
Event: 12.414 Thread 0x0000018af8379820 Exception <a 'sun/nio/fs/WindowsException'{0x00000000d656d218}> (0x00000000d656d218) 
thrown [s\src\hotspot\share\prims\jni.cpp, line 520]
Event: 12.415 Thread 0x0000018af8379820 Exception <a 'sun/nio/fs/WindowsException'{0x00000000d6575520}> (0x00000000d6575520) 
thrown [s\src\hotspot\share\prims\jni.cpp, line 520]
Event: 12.415 Thread 0x0000018af8379820 Exception <a 'sun/nio/fs/WindowsException'{0x00000000d6575b50}> (0x00000000d6575b50) 
thrown [s\src\hotspot\share\prims\jni.cpp, line 520]
Event: 12.415 Thread 0x0000018af8379820 Exception <a 'sun/nio/fs/WindowsException'{0x00000000d6576180}> (0x00000000d6576180) 
thrown [s\src\hotspot\share\prims\jni.cpp, line 520]
Event: 12.415 Thread 0x0000018af8379820 Exception <a 'sun/nio/fs/WindowsException'{0x00000000d65767d0}> (0x00000000d65767d0) 
thrown [s\src\hotspot\share\prims\jni.cpp, line 520]
Event: 12.416 Thread 0x0000018af8379820 Exception <a 'sun/nio/fs/WindowsException'{0x00000000d657d168}> (0x00000000d657d168) 
thrown [s\src\hotspot\share\prims\jni.cpp, line 520]
Event: 12.416 Thread 0x0000018af8379820 Exception <a 'sun/nio/fs/WindowsException'{0x00000000d657d798}> (0x00000000d657d798) 
thrown [s\src\hotspot\share\prims\jni.cpp, line 520]
Event: 12.416 Thread 0x0000018af8379820 Exception <a 'sun/nio/fs/WindowsException'{0x00000000d657ddc8}> (0x00000000d657ddc8) 
thrown [s\src\hotspot\share\prims\jni.cpp, line 520]

ZGC Phase Switch (0 events):
No events

VM Operations (20 events):
Event: 9.161 Executing non-safepoint VM operation: HandshakeAllThreads (Deoptimize) done
Event: 9.283 Executing non-safepoint VM operation: HandshakeAllThreads (Deoptimize)
Event: 9.283 Executing non-safepoint VM operation: HandshakeAllThreads (Deoptimize) done
Event: 9.308 Executing safepoint VM operation: ParallelGCFailedAllocation (Allocation Failure)
Event: 9.309 Executing safepoint VM operation: ParallelGCFailedAllocation (Allocation Failure) done
Event: 9.484 Executing non-safepoint VM operation: HandshakeAllThreads (Deoptimize)
Event: 9.484 Executing non-safepoint VM operation: HandshakeAllThreads (Deoptimize) done
Event: 9.581 Executing safepoint VM operation: ICBufferFull
Event: 9.581 Executing safepoint VM operation: ICBufferFull done
Event: 9.595 Executing safepoint VM operation: ParallelGCFailedAllocation (Allocation Failure)
Event: 9.597 Executing safepoint VM operation: ParallelGCFailedAllocation (Allocation Failure) done
Event: 9.788 Executing safepoint VM operation: ICBufferFull
Event: 9.788 Executing safepoint VM operation: ICBufferFull done
Event: 10.791 Executing safepoint VM operation: Cleanup
Event: 10.791 Executing safepoint VM operation: Cleanup done
Event: 10.853 Executing non-safepoint VM operation: HandshakeAllThreads (Deoptimize)
Event: 10.853 Executing non-safepoint VM operation: HandshakeAllThreads (Deoptimize) done
Event: 10.937 Executing safepoint VM operation: ParallelGCFailedAllocation (Allocation Failure)
Event: 10.939 Executing safepoint VM operation: ParallelGCFailedAllocation (Allocation Failure) done
Event: 12.942 Executing safepoint VM operation: Cleanup

Memory protections (0 events):
No events

Nmethod flushes (20 events):
Event: 8.674 Thread 0x0000018aadae1ba0 flushing  nmethod 0x0000018a9a25f090
Event: 8.674 Thread 0x0000018aadae1ba0 flushing  nmethod 0x0000018a9a25f810
Event: 8.674 Thread 0x0000018aadae1ba0 flushing  nmethod 0x0000018a9a260190
Event: 8.674 Thread 0x0000018aadae1ba0 flushing  nmethod 0x0000018a9a260a90
Event: 8.674 Thread 0x0000018aadae1ba0 flushing  nmethod 0x0000018a9a261b90
Event: 8.674 Thread 0x0000018aadae1ba0 flushing  nmethod 0x0000018a9a262c90
Event: 8.674 Thread 0x0000018aadae1ba0 flushing  nmethod 0x0000018a9a264810
Event: 8.674 Thread 0x0000018aadae1ba0 flushing  nmethod 0x0000018a9a264d10
Event: 8.674 Thread 0x0000018aadae1ba0 flushing  nmethod 0x0000018a9a266210
Event: 8.674 Thread 0x0000018aadae1ba0 flushing  nmethod 0x0000018a9a266510
Event: 8.674 Thread 0x0000018aadae1ba0 flushing  nmethod 0x0000018a9a26f510
Event: 8.674 Thread 0x0000018aadae1ba0 flushing  nmethod 0x0000018a9a281a10
Event: 8.674 Thread 0x0000018aadae1ba0 flushing  nmethod 0x0000018a9a28c910
Event: 8.674 Thread 0x0000018aadae1ba0 flushing  nmethod 0x0000018a9a2a0590
Event: 8.674 Thread 0x0000018aadae1ba0 flushing  nmethod 0x0000018a9a2a1790
Event: 8.674 Thread 0x0000018aadae1ba0 flushing  nmethod 0x0000018a9a2a9490
Event: 8.674 Thread 0x0000018aadae1ba0 flushing  nmethod 0x0000018a9a31b690
Event: 8.674 Thread 0x0000018aadae1ba0 flushing  nmethod 0x0000018a9a31cc90
Event: 8.674 Thread 0x0000018aadae1ba0 flushing  nmethod 0x0000018a9a33c510
Event: 8.674 Thread 0x0000018aadae1ba0 flushing  nmethod 0x0000018a9a36d490

Events (20 events):
Event: 8.503 Thread 0x0000018a951b0370 Thread added: 0x0000018af5a31610
Event: 8.503 Thread 0x0000018a951b0370 Thread added: 0x0000018af5a31ca0
Event: 8.504 Thread 0x0000018a951b0370 Thread added: 0x0000018af5a32330
Event: 8.504 Thread 0x0000018a951b0370 Thread added: 0x0000018af5a329c0
Event: 8.504 Thread 0x0000018a951b0370 Thread added: 0x0000018af5a336e0
Event: 8.504 Thread 0x0000018a951b0370 Thread added: 0x0000018af5a33050
Event: 8.504 Thread 0x0000018a951b0370 Thread added: 0x0000018af5a33d70
Event: 8.504 Thread 0x0000018a951b0370 Thread added: 0x0000018af837b8f0
Event: 8.504 Thread 0x0000018a951b0370 Thread added: 0x0000018af837c610
Event: 8.529 Thread 0x0000018a951b0370 Thread added: 0x0000018af837abd0
Event: 8.768 Thread 0x0000018a951b0370 Thread added: 0x0000018af837bf80
Event: 8.768 Thread 0x0000018a951b0370 Thread added: 0x0000018af837a540
Event: 8.901 Thread 0x0000018af5a2cde0 Thread added: 0x0000018af837b260
Event: 9.005 Thread 0x0000018af837b260 Thread added: 0x0000018af8379820
Event: 9.092 Thread 0x0000018af5a2c750 Thread added: 0x0000018af837cca0
Event: 9.093 Thread 0x0000018af837cca0 Thread exited: 0x0000018af837cca0
Event: 9.153 Thread 0x0000018af5a2c750 Thread added: 0x0000018af8379eb0
Event: 10.807 Thread 0x0000018af79bd100 Thread exited: 0x0000018af79bd100
Event: 11.134 Thread 0x0000018af0028c60 Thread added: 0x0000018af9e62850
Event: 11.168 Thread 0x0000018af8379820 Thread added: 0x0000018af837fa90


Dynamic libraries:
0x00007ff766c90000 - 0x00007ff766c9e000 	c:\Users\utkar\.antigravity-ide\extensions\redhat.java-1.54.0-win32-x64\jre\21.0.10-win32-x86_64\bin\java.exe
0x00007ffb6d020000 - 0x00007ffb6d287000 	C:\WINDOWS\SYSTEM32\ntdll.dll
0x00007ffb6b8e0000 - 0x00007ffb6b9a9000 	C:\WINDOWS\System32\KERNEL32.DLL
0x00007ffb6a590000 - 0x00007ffb6a987000 	C:\WINDOWS\System32\KERNELBASE.dll
0x00007ffacd1d0000 - 0x00007ffacd2ab000 	C:\Program Files\Bitdefender\Bitdefender Security\bdhkm\dlls_268338599945013262\bdhkm64.dll
0x00007ffaccff0000 - 0x00007ffacd1cc000 	C:\Program Files\Bitdefender\Bitdefender Security\atcuf\dlls_268338599893168887\atcuf64.dll
0x00007ffb69a50000 - 0x00007ffb69b9b000 	C:\WINDOWS\System32\ucrtbase.dll
0x00007ffadad30000 - 0x00007ffadad48000 	c:\Users\utkar\.antigravity-ide\extensions\redhat.java-1.54.0-win32-x64\jre\21.0.10-win32-x86_64\bin\jli.dll
0x00007ffb6b3e0000 - 0x00007ffb6b5a6000 	C:\WINDOWS\System32\USER32.dll
0x00007ffb6a990000 - 0x00007ffb6a9b7000 	C:\WINDOWS\System32\win32u.dll
0x00007ffb6b3b0000 - 0x00007ffb6b3db000 	C:\WINDOWS\System32\GDI32.dll
0x00007ffb6aa70000 - 0x00007ffb6ab9c000 	C:\WINDOWS\System32\gdi32full.dll
0x00007ffb6a9c0000 - 0x00007ffb6aa63000 	C:\WINDOWS\System32\msvcp_win.dll
0x00007ffadcbf0000 - 0x00007ffadcc0e000 	c:\Users\utkar\.antigravity-ide\extensions\redhat.java-1.54.0-win32-x64\jre\21.0.10-win32-x86_64\bin\VCRUNTIME140.dll
0x00007ffb4b9f0000 - 0x00007ffb4bc82000 	C:\WINDOWS\WinSxS\amd64_microsoft.windows.common-controls_6595b64144ccf1df_6.0.26100.8457_none_3e0b2faee331e92d\COMCTL32.dll
0x00007ffb6b180000 - 0x00007ffb6b229000 	C:\WINDOWS\System32\msvcrt.dll
0x00007ffb6b140000 - 0x00007ffb6b172000 	C:\WINDOWS\System32\IMM32.DLL
0x00007ffb1cb80000 - 0x00007ffb1cb8c000 	c:\Users\utkar\.antigravity-ide\extensions\redhat.java-1.54.0-win32-x64\jre\21.0.10-win32-x86_64\bin\vcruntime140_1.dll
0x00007ffadaca0000 - 0x00007ffadad2d000 	c:\Users\utkar\.antigravity-ide\extensions\redhat.java-1.54.0-win32-x64\jre\21.0.10-win32-x86_64\bin\msvcp140.dll
0x00007ffad9520000 - 0x00007ffada2c1000 	c:\Users\utkar\.antigravity-ide\extensions\redhat.java-1.54.0-win32-x64\jre\21.0.10-win32-x86_64\bin\server\jvm.dll
0x00007ffb6b2f0000 - 0x00007ffb6b3a6000 	C:\WINDOWS\System32\ADVAPI32.dll
0x00007ffb6c130000 - 0x00007ffb6c1d7000 	C:\WINDOWS\System32\sechost.dll
0x00007ffb6cec0000 - 0x00007ffb6cfd8000 	C:\WINDOWS\System32\RPCRT4.dll
0x00007ffb6c560000 - 0x00007ffb6c5e0000 	C:\WINDOWS\System32\WS2_32.dll
0x00007ffb69700000 - 0x00007ffb6975e000 	C:\WINDOWS\SYSTEM32\POWRPROF.dll
0x00007ffb64270000 - 0x00007ffb642a6000 	C:\WINDOWS\SYSTEM32\WINMM.dll
0x00007ffb62f30000 - 0x00007ffb62f3b000 	C:\WINDOWS\SYSTEM32\VERSION.dll
0x00007ffb696e0000 - 0x00007ffb696f4000 	C:\WINDOWS\SYSTEM32\UMPDC.dll
0x00007ffb687a0000 - 0x00007ffb687bb000 	C:\WINDOWS\SYSTEM32\kernel.appcore.dll
0x00007ffaf3130000 - 0x00007ffaf313a000 	c:\Users\utkar\.antigravity-ide\extensions\redhat.java-1.54.0-win32-x64\jre\21.0.10-win32-x86_64\bin\jimage.dll
0x00007ffb67a80000 - 0x00007ffb67cc2000 	C:\WINDOWS\SYSTEM32\DBGHELP.DLL
0x00007ffb6ada0000 - 0x00007ffb6b123000 	C:\WINDOWS\System32\combase.dll
0x00007ffb6be40000 - 0x00007ffb6bf19000 	C:\WINDOWS\System32\OLEAUT32.dll
0x00007ffb46300000 - 0x00007ffb4633b000 	C:\WINDOWS\SYSTEM32\dbgcore.DLL
0x00007ffb6aba0000 - 0x00007ffb6ac48000 	C:\WINDOWS\System32\bcryptPrimitives.dll
0x00007ffaedaf0000 - 0x00007ffaedaff000 	c:\Users\utkar\.antigravity-ide\extensions\redhat.java-1.54.0-win32-x64\jre\21.0.10-win32-x86_64\bin\instrument.dll
0x00007ffadac80000 - 0x00007ffadaca0000 	c:\Users\utkar\.antigravity-ide\extensions\redhat.java-1.54.0-win32-x64\jre\21.0.10-win32-x86_64\bin\java.dll
0x00007ffb6c730000 - 0x00007ffb6ce9e000 	C:\WINDOWS\System32\SHELL32.dll
0x00007ffb69ba0000 - 0x00007ffb6a40c000 	C:\WINDOWS\System32\windows.storage.dll
0x00007ffb6bf20000 - 0x00007ffb6c016000 	C:\WINDOWS\System32\SHCORE.dll
0x00007ffb6b5b0000 - 0x00007ffb6b616000 	C:\WINDOWS\System32\shlwapi.dll
0x00007ffb69970000 - 0x00007ffb69999000 	C:\WINDOWS\SYSTEM32\profapi.dll
0x00007ffadac60000 - 0x00007ffadac78000 	c:\Users\utkar\.antigravity-ide\extensions\redhat.java-1.54.0-win32-x64\jre\21.0.10-win32-x86_64\bin\zip.dll
0x00007ffaecc90000 - 0x00007ffaecca0000 	C:\Users\utkar\.antigravity-ide\extensions\redhat.java-1.54.0-win32-x64\jre\21.0.10-win32-x86_64\bin\net.dll
0x00007ffb63390000 - 0x00007ffb634b9000 	C:\WINDOWS\SYSTEM32\WINHTTP.dll
0x00007ffb68cf0000 - 0x00007ffb68d5c000 	C:\WINDOWS\system32\mswsock.dll
0x00007ffadac20000 - 0x00007ffadac36000 	C:\Users\utkar\.antigravity-ide\extensions\redhat.java-1.54.0-win32-x64\jre\21.0.10-win32-x86_64\bin\nio.dll
0x00007ffae1540000 - 0x00007ffae1550000 	c:\Users\utkar\.antigravity-ide\extensions\redhat.java-1.54.0-win32-x64\jre\21.0.10-win32-x86_64\bin\verify.dll
0x00007ffadb3c0000 - 0x00007ffadb405000 	C:\Users\utkar\AppData\Roaming\Antigravity IDE\User\globalStorage\redhat.java\1.54.0\config_win\org.eclipse.equinox.launcher\org.eclipse.equinox.launcher.win32.win32.x86_64_1.3.0.v20260203-2149\eclipse_11919.dll
0x00007ffb6c390000 - 0x00007ffb6c527000 	C:\WINDOWS\System32\ole32.dll
0x00007ffb4fe60000 - 0x00007ffb4fe6a000 	C:\Users\utkar\.antigravity-ide\extensions\redhat.java-1.54.0-win32-x64\jre\21.0.10-win32-x86_64\bin\management.dll
0x00007ffb4e9a0000 - 0x00007ffb4e9ac000 	C:\Users\utkar\.antigravity-ide\extensions\redhat.java-1.54.0-win32-x64\jre\21.0.10-win32-x86_64\bin\management_ext.dll
0x00007ffb6c120000 - 0x00007ffb6c128000 	C:\WINDOWS\System32\PSAPI.DLL
0x00007ffb690f0000 - 0x00007ffb6910b000 	C:\WINDOWS\SYSTEM32\CRYPTSP.dll
0x00007ffb68700000 - 0x00007ffb68739000 	C:\WINDOWS\system32\rsaenh.dll
0x00007ffb68da0000 - 0x00007ffb68dd3000 	C:\WINDOWS\SYSTEM32\USERENV.dll
0x00007ffb69940000 - 0x00007ffb6996a000 	C:\WINDOWS\SYSTEM32\bcrypt.dll
0x00007ffb68f50000 - 0x00007ffb68f5c000 	C:\WINDOWS\SYSTEM32\CRYPTBASE.dll
0x00007ffb68190000 - 0x00007ffb681c2000 	C:\WINDOWS\SYSTEM32\IPHLPAPI.DLL
0x00007ffb6b130000 - 0x00007ffb6b13a000 	C:\WINDOWS\System32\NSI.dll
0x00007ffb4e740000 - 0x00007ffb4e789000 	C:\Users\utkar\AppData\Local\Temp\jna-111613661\jna5179639260807769886.dll
0x00007ffb63a10000 - 0x00007ffb63a2d000 	C:\WINDOWS\SYSTEM32\dhcpcsvc6.DLL
0x00007ffb63360000 - 0x00007ffb63385000 	C:\WINDOWS\SYSTEM32\dhcpcsvc.DLL
0x00007ffadcc20000 - 0x00007ffadcc2e000 	C:\Users\utkar\.antigravity-ide\extensions\redhat.java-1.54.0-win32-x64\jre\21.0.10-win32-x86_64\bin\sunmscapi.dll
0x00007ffb6a410000 - 0x00007ffb6a588000 	C:\WINDOWS\System32\CRYPT32.dll
0x00007ffb69250000 - 0x00007ffb69280000 	C:\WINDOWS\SYSTEM32\ncrypt.dll
0x00007ffb696b0000 - 0x00007ffb696ba000 	C:\WINDOWS\SYSTEM32\DPAPI.DLL
0x00007ffb69200000 - 0x00007ffb6923f000 	C:\WINDOWS\SYSTEM32\NTASN1.dll
0x00007ffb68220000 - 0x00007ffb68352000 	C:\WINDOWS\SYSTEM32\DNSAPI.dll
0x00007ffb5c660000 - 0x00007ffb5c66b000 	C:\Windows\System32\rasadhlp.dll
0x00007ffb62bf0000 - 0x00007ffb62c76000 	C:\WINDOWS\System32\fwpuclnt.dll
0x00007ffadcc10000 - 0x00007ffadcc19000 	C:\Users\utkar\.antigravity-ide\extensions\redhat.java-1.54.0-win32-x64\jre\21.0.10-win32-x86_64\bin\extnet.dll

JVMTI agents:
c:\Users\utkar\.antigravity-ide\extensions\redhat.java-1.54.0-win32-x64\lombok\lombok-1.18.39-4050.jar path:c:\Users\utkar\.antigravity-ide\extensions\redhat.java-1.54.0-win32-x64\jre\21.0.10-win32-x86_64\bin\instrument.dll, loaded, initialized, instrumentlib options:none

dbghelp: loaded successfully - version: 4.0.5 - missing functions: none
symbol engine: initialized successfully - sym options: 0x614 - pdb path: .;c:\Users\utkar\.antigravity-ide\extensions\redhat.java-1.54.0-win32-x64\jre\21.0.10-win32-x86_64\bin;C:\WINDOWS\SYSTEM32;C:\Program Files\Bitdefender\Bitdefender Security\bdhkm\dlls_268338599945013262;C:\Program Files\Bitdefender\Bitdefender Security\atcuf\dlls_268338599893168887;C:\WINDOWS\WinSxS\amd64_microsoft.windows.common-controls_6595b64144ccf1df_6.0.26100.8457_none_3e0b2faee331e92d;c:\Users\utkar\.antigravity-ide\extensions\redhat.java-1.54.0-win32-x64\jre\21.0.10-win32-x86_64\bin\server;C:\Users\utkar\AppData\Roaming\Antigravity IDE\User\globalStorage\redhat.java\1.54.0\config_win\org.eclipse.equinox.launcher\org.eclipse.equinox.launcher.win32.win32.x86_64_1.3.0.v20260203-2149;C:\Users\utkar\AppData\Local\Temp\jna-111613661

VM Arguments:
jvm_args: --add-modules=ALL-SYSTEM --add-opens=java.base/java.util=ALL-UNNAMED --add-opens=java.base/java.lang=ALL-UNNAMED --add-opens=java.base/sun.nio.fs=ALL-UNNAMED -Declipse.application=org.eclipse.jdt.ls.core.id1 -Dosgi.bundles.defaultStartLevel=4 -Declipse.product=org.eclipse.jdt.ls.core.product -Djava.import.generatesMetadataFilesAtProjectRoot=false -DDetectVMInstallationsJob.disabled=true -Dfile.encoding=utf8 -XX:+UseParallelGC -XX:GCTimeRatio=4 -XX:AdaptiveSizePolicyWeight=90 -Dsun.zip.disableMemoryMapping=true -Xmx2G -Xms100m -Xlog:disable -javaagent:c:\Users\utkar\.antigravity-ide\extensions\redhat.java-1.54.0-win32-x64\lombok\lombok-1.18.39-4050.jar -XX:+HeapDumpOnOutOfMemoryError -XX:HeapDumpPath=c:\Users\utkar\AppData\Roaming\Antigravity IDE\User\workspaceStorage\95aff5030d2cbc639c4129cd347a152f\redhat.java -Daether.dependencyCollector.impl=bf 
java_command: c:\Users\utkar\.antigravity-ide\extensions\redhat.java-1.54.0-win32-x64\server\plugins\org.eclipse.equinox.launcher_1.7.100.v20251111-0406.jar -configuration c:\Users\utkar\AppData\Roaming\Antigravity IDE\User\globalStorage\redhat.java\1.54.0\config_win -data c:\Users\utkar\AppData\Roaming\Antigravity IDE\User\workspaceStorage\95aff5030d2cbc639c4129cd347a152f\redhat.java\jdt_ws --pipe=\\.\pipe\lsp-74359b761ecfc9a8108706f124f33b2c-sock
java_class_path (initial): c:\Users\utkar\.antigravity-ide\extensions\redhat.java-1.54.0-win32-x64\server\plugins\org.eclipse.equinox.launcher_1.7.100.v20251111-0406.jar
Launcher Type: SUN_STANDARD

[Global flags]
    uintx AdaptiveSizePolicyWeight                 = 90                                        {product} {command line}
     intx CICompilerCount                          = 4                                         {product} {ergonomic}
    uintx GCTimeRatio                              = 4                                         {product} {command line}
     bool HeapDumpOnOutOfMemoryError               = true                                   {manageable} {command line}
    ccstr HeapDumpPath                             = c:\Users\utkar\AppData\Roaming\Antigravity IDE\User\workspaceStorage\95aff5030d2cbc639c4129cd347a152f\redhat.java         {manageable} {command line}
   size_t InitialHeapSize                          = 104857600                                 {product} {command line}
   size_t MaxHeapSize                              = 2147483648                                {product} {command line}
   size_t MaxNewSize                               = 715653120                                 {product} {ergonomic}
   size_t MinHeapDeltaBytes                        = 524288                                    {product} {ergonomic}
   size_t MinHeapSize                              = 104857600                                 {product} {command line}
   size_t NewSize                                  = 34603008                                  {product} {ergonomic}
    uintx NonNMethodCodeHeapSize                   = 5839372                                {pd product} {ergonomic}
    uintx NonProfiledCodeHeapSize                  = 122909434                              {pd product} {ergonomic}
   size_t OldSize                                  = 70254592                                  {product} {ergonomic}
    uintx ProfiledCodeHeapSize                     = 122909434                              {pd product} {ergonomic}
    uintx ReservedCodeCacheSize                    = 251658240                              {pd product} {ergonomic}
     bool SegmentedCodeCache                       = true                                      {product} {ergonomic}
   size_t SoftMaxHeapSize                          = 2147483648                             {manageable} {ergonomic}
     bool UseCompressedOops                        = true                           {product lp64_product} {ergonomic}
     bool UseLargePagesIndividualAllocation        = false                                  {pd product} {ergonomic}
     bool UseParallelGC                            = true                                      {product} {command line}

Logging:
Log output configuration:
 #0: stdout all=off uptime,level,tags foldmultilines=false
 #1: stderr all=off uptime,level,tags foldmultilines=false

Release file:
JAVA_VERSION="21.0.10" 
MODULES="java.base java.compiler java.datatransfer java.xml java.prefs java.desktop java.instrument java.logging java.management java.security.sasl java.naming java.rmi java.management.rmi java.net.http java.scripting java.security.jgss java.transaction.xa java.sql java.sql.rowset java.xml.crypto java.se java.smartcardio jdk.accessibility jdk.internal.jvmstat jdk.attach jdk.charsets jdk.internal.opt jdk.zipfs jdk.compiler jdk.crypto.ec jdk.crypto.cryptoki jdk.crypto.mscapi jdk.dynalink jdk.internal.ed jdk.editpad jdk.hotspot.agent jdk.httpserver jdk.internal.le jdk.internal.vm.ci jdk.internal.vm.compiler jdk.internal.vm.compiler.management jdk.jartool jdk.javadoc jdk.jcmd jdk.management jdk.management.agent jdk.jconsole jdk.jdeps jdk.jdwp.agent jdk.jdi jdk.jfr jdk.jshell jdk.jsobject jdk.jstatd jdk.localedata jdk.management.jfr jdk.naming.dns jdk.naming.rmi jdk.net jdk.nio.mapmode jdk.random jdk.sctp jdk.security.auth jdk.security.jgss jdk.unsupported jdk.unsupported.desktop jdk.xml.dom" 

Environment Variables:
PATH=C:\Program Files\Common Files\Oracle\Java\javapath;C:\Python312\Scripts\;C:\Python312\;C:\WINDOWS\system32;C:\WINDOWS;C:\WINDOWS\System32\Wbem;C:\WINDOWS\System32\WindowsPowerShell\v1.0\;C:\WINDOWS\System32\OpenSSH\;C:\Program Files\dotnet\;C:\Program Files (x86)\NVIDIA Corporation\PhysX\Common;C:\ProgramData\chocolatey\bin;C:\Program Files\nodejs\;C:\Program Files\NVIDIA Corporation\NVIDIA app\NvDLISR;C:\Program Files\Git\cmd;C:\Program Files\Docker\Docker\resources\bin;C:\Users\utkar\.cargo\bin;C:\Users\utkar\AppData\Local\Microsoft\WindowsApps;C:\Users\utkar\AppData\Local\GitHubDesktop\bin;C:\ProgramData\utkar\GitHubDesktop\bin;C:\Users\utkar\AppData\Local\JetBrains\IntelliJ IDEA Community Edition 2023.3.4\bin;C:\Users\utkar\AppData\Roaming\npm;C:\Users\utkar\AppData\Local\JetBrains\WebStorm 2024.3.3\bin;C:\Users\utkar\AppData\Local\JetBrains\Toolbox\scripts;C:\Users\utkar\.dotnet\tools;C:\Program Files\JetBrains\IntelliJ IDEA 2026.1.2\bin;C:\Users\utkar\AppData\Local\Programs\Antigravity IDE\bin;C:\Users\utkar\AppData\Local\PowerToys\DSCModules\
USERNAME=utkar
OS=Windows_NT
PROCESSOR_IDENTIFIER=AMD64 Family 25 Model 80 Stepping 0, AuthenticAMD
TMP=C:\Users\utkar\AppData\Local\Temp
TEMP=C:\Users\utkar\AppData\Local\Temp




Periodic native trim disabled

---------------  S Y S T E M  ---------------

OS:
 Windows 11 , 64 bit Build 26100 (10.0.26100.8328)
OS uptime: 0 days 0:40 hours
Hyper-V role detected

CPU: total 12 (initial active 12) (12 cores per cpu, 2 threads per core) family 25 model 80 stepping 0 microcode 0xa50000f, cx8, cmov, fxsr, ht, mmx, 3dnowpref, sse, sse2, sse3, ssse3, sse4a, sse4.1, sse4.2, popcnt, lzcnt, tsc, tscinvbit, avx, avx2, aes, erms, clmul, bmi1, bmi2, adx, sha, fma, vzeroupper, clflush, clflushopt, hv, rdtscp, rdpid, fsrm, f16c, cet_ss
Processor Information for processor 0
  Max Mhz: 3301, Current Mhz: 3301, Mhz Limit: 3301
Processor Information for processor 1
  Max Mhz: 3301, Current Mhz: 3301, Mhz Limit: 3301
Processor Information for processor 2
  Max Mhz: 3301, Current Mhz: 3301, Mhz Limit: 3301
Processor Information for processor 3
  Max Mhz: 3301, Current Mhz: 3301, Mhz Limit: 3301
Processor Information for processor 4
  Max Mhz: 3301, Current Mhz: 3301, Mhz Limit: 3301
Processor Information for processor 5
  Max Mhz: 3301, Current Mhz: 3301, Mhz Limit: 3301
Processor Information for processor 6
  Max Mhz: 3301, Current Mhz: 3301, Mhz Limit: 3301
Processor Information for processor 7
  Max Mhz: 3301, Current Mhz: 3301, Mhz Limit: 3301
Processor Information for processor 8
  Max Mhz: 3301, Current Mhz: 3301, Mhz Limit: 3301
Processor Information for processor 9
  Max Mhz: 3301, Current Mhz: 3301, Mhz Limit: 3301
Processor Information for processor 10
  Max Mhz: 3301, Current Mhz: 3301, Mhz Limit: 3301
Processor Information for processor 11
  Max Mhz: 3301, Current Mhz: 2630, Mhz Limit: 3301

Memory: 4k page, system-wide physical 16236M (5286M free)
TotalPageFile size 16236M (AvailPageFile size 32M)
current process WorkingSet (physical memory assigned to process): 249M, peak: 249M
current process commit charge ("private bytes"): 369M, peak: 369M

vm_info: OpenJDK 64-Bit Server VM (21.0.10+7-LTS) for windows-amd64 JRE (21.0.10+7-LTS), built on 2026-01-20T00:00:00Z by "admin" with MS VC++ 17.12 (VS2022)

END.
